2026-05-14 20:19:28.493 WARNING (SyncWorker_0) [homeassistant.loader] We found a custom integration hacs which has not been tested by Home Assistant. This component might cause stability problems, be sure to disable it if you experience issues with Home Assistant
2026-05-14 20:19:28.495 WARNING (SyncWorker_0) [homeassistant.loader] We found a custom integration tapo_control which has not been tested by Home Assistant. This component might cause stability problems, be sure to disable it if you experience issues with Home Assistant
2026-05-14 20:19:28.496 WARNING (SyncWorker_0) [homeassistant.loader] We found a custom integration localtuya which has not been tested by Home Assistant. This component might cause stability problems, be sure to disable it if you experience issues with Home Assistant
2026-05-14 20:19:28.497 WARNING (SyncWorker_0) [homeassistant.loader] We found a custom integration tuya_local which has not been tested by Home Assistant. This component might cause stability problems, be sure to disable it if you experience issues with Home Assistant
2026-05-14 20:19:30.005 ERROR (MainThread) [habluetooth.scanner] hci0 (88:A2:9E:A8:A2:CB): Failed to force stop scanner: 'NoneType' object has no attribute 'send'
2026-05-14 20:19:33.244 WARNING (MainThread) [homeassistant.components.lg_thinq] No devices registered with the correct profile
2026-05-14 20:19:41.294 ERROR (MainThread) [habluetooth.scanner] hci0 (88:A2:9E:A8:A2:CB): Failed to force stop scanner: 'NoneType' object has no attribute 'send'
2026-05-14 20:19:41.296 ERROR (MainThread) [habluetooth.scanner] hci0 (88:A2:9E:A8:A2:CB): Failed to force stop scanner: 'NoneType' object has no attribute 'send'
2026-05-14 20:19:46.354 ERROR (MainThread) [habluetooth.scanner] hci0 (88:A2:9E:A8:A2:CB): Failed to force stop scanner: 'NoneType' object has no attribute 'send'
2026-05-14 20:19:51.435 ERROR (MainThread) [habluetooth.scanner] hci0 (88:A2:9E:A8:A2:CB): Failed to force stop scanner: 'NoneType' object has no attribute 'send'
2026-05-14 20:20:06.850 ERROR (MainThread) [habluetooth.scanner] hci0 (88:A2:9E:A8:A2:CB): Failed to force stop scanner: 'NoneType' object has no attribute 'send'
2026-05-14 20:20:31.898 ERROR (MainThread) [habluetooth.scanner] hci0 (88:A2:9E:A8:A2:CB): Failed to force stop scanner: 'NoneType' object has no attribute 'send'
2026-05-14 20:21:27.313 ERROR (MainThread) [habluetooth.scanner] hci0 (88:A2:9E:A8:A2:CB): Failed to force stop scanner: 'NoneType' object has no attribute 'send'
2026-05-14 20:21:52.107 ERROR (MainThread) [habluetooth.scanner] hci0 (88:A2:9E:A8:A2:CB): Failed to force stop scanner: 'NoneType' object has no attribute 'send'
2026-05-14 20:22:47.458 ERROR (MainThread) [habluetooth.scanner] hci0 (88:A2:9E:A8:A2:CB): Failed to force stop scanner: 'NoneType' object has no attribute 'send'
2026-05-14 20:23:12.430 ERROR (MainThread) [habluetooth.scanner] hci0 (88:A2:9E:A8:A2:CB): Failed to force stop scanner: 'NoneType' object has no attribute 'send'
2026-05-14 20:24:07.651 ERROR (MainThread) [habluetooth.scanner] hci0 (88:A2:9E:A8:A2:CB): Failed to force stop scanner: 'NoneType' object has no attribute 'send'
2026-05-14 20:24:32.812 ERROR (MainThread) [habluetooth.scanner] hci0 (88:A2:9E:A8:A2:CB): Failed to force stop scanner: 'NoneType' object has no attribute 'send'
2026-05-14 20:25:27.774 ERROR (MainThread) [habluetooth.scanner] hci0 (88:A2:9E:A8:A2:CB): Failed to force stop scanner: 'NoneType' object has no attribute 'send'
2026-05-14 20:25:53.233 ERROR (MainThread) [habluetooth.scanner] hci0 (88:A2:9E:A8:A2:CB): Failed to force stop scanner: 'NoneType' object has no attribute 'send'
2026-05-14 20:26:48.044 ERROR (MainThread) [habluetooth.scanner] hci0 (88:A2:9E:A8:A2:CB): Failed to force stop scanner: 'NoneType' object has no attribute 'send'
2026-05-14 20:27:13.660 ERROR (MainThread) [habluetooth.scanner] hci0 (88:A2:9E:A8:A2:CB): Failed to force stop scanner: 'NoneType' object has no attribute 'send'
2026-05-14 20:28:08.276 ERROR (MainThread) [habluetooth.scanner] hci0 (88:A2:9E:A8:A2:CB): Failed to force stop scanner: 'NoneType' object has no attribute 'send'
2026-05-14 20:28:34.034 ERROR (MainThread) [habluetooth.scanner] hci0 (88:A2:9E:A8:A2:CB): Failed to force stop scanner: 'NoneType' object has no attribute 'send'
2026-05-14 20:29:28.575 ERROR (MainThread) [habluetooth.scanner] hci0 (88:A2:9E:A8:A2:CB): Failed to force stop scanner: 'NoneType' object has no attribute 'send'
2026-05-14 20:29:54.411 ERROR (MainThread) [habluetooth.scanner] hci0 (88:A2:9E:A8:A2:CB): Failed to force stop scanner: 'NoneType' object has no attribute 'send'
2026-05-14 20:30:48.926 ERROR (MainThread) [habluetooth.scanner] hci0 (88:A2:9E:A8:A2:CB): Failed to force stop scanner: 'NoneType' object has no attribute 'send'
2026-05-14 20:31:14.563 ERROR (MainThread) [habluetooth.scanner] hci0 (88:A2:9E:A8:A2:CB): Failed to force stop scanner: 'NoneType' object has no attribute 'send'
2026-05-14 20:32:09.089 ERROR (MainThread) [habluetooth.scanner] hci0 (88:A2:9E:A8:A2:CB): Failed to force stop scanner: 'NoneType' object has no attribute 'send'
2026-05-14 20:32:34.822 ERROR (MainThread) [habluetooth.scanner] hci0 (88:A2:9E:A8:A2:CB): Failed to force stop scanner: 'NoneType' object has no attribute 'send'
2026-05-14 20:33:29.580 ERROR (MainThread) [habluetooth.scanner] hci0 (88:A2:9E:A8:A2:CB): Failed to force stop scanner: 'NoneType' object has no attribute 'send'
2026-05-14 20:33:54.903 ERROR (MainThread) [habluetooth.scanner] hci0 (88:A2:9E:A8:A2:CB): Failed to force stop scanner: 'NoneType' object has no attribute 'send'
2026-05-14 20:34:49.665 ERROR (MainThread) [habluetooth.scanner] hci0 (88:A2:9E:A8:A2:CB): Failed to force stop scanner: 'NoneType' object has no attribute 'send'
2026-05-14 20:35:15.203 ERROR (MainThread) [habluetooth.scanner] hci0 (88:A2:9E:A8:A2:CB): Failed to force stop scanner: 'NoneType' object has no attribute 'send'
2026-05-14 20:36:09.939 ERROR (MainThread) [habluetooth.scanner] hci0 (88:A2:9E:A8:A2:CB): Failed to force stop scanner: 'NoneType' object has no attribute 'send'
2026-05-14 20:36:35.532 ERROR (MainThread) [habluetooth.scanner] hci0 (88:A2:9E:A8:A2:CB): Failed to force stop scanner: 'NoneType' object has no attribute 'send'
2026-05-14 20:37:30.069 ERROR (MainThread) [habluetooth.scanner] hci0 (88:A2:9E:A8:A2:CB): Failed to force stop scanner: 'NoneType' object has no attribute 'send'
2026-05-14 20:37:56.026 ERROR (MainThread) [habluetooth.scanner] hci0 (88:A2:9E:A8:A2:CB): Failed to force stop scanner: 'NoneType' object has no attribute 'send'
2026-05-14 20:38:50.447 ERROR (MainThread) [habluetooth.scanner] hci0 (88:A2:9E:A8:A2:CB): Failed to force stop scanner: 'NoneType' object has no attribute 'send'
2026-05-14 20:39:16.363 ERROR (MainThread) [habluetooth.scanner] hci0 (88:A2:9E:A8:A2:CB): Failed to force stop scanner: 'NoneType' object has no attribute 'send'
2026-05-14 20:40:10.908 ERROR (MainThread) [habluetooth.scanner] hci0 (88:A2:9E:A8:A2:CB): Failed to force stop scanner: 'NoneType' object has no attribute 'send'
2026-05-14 20:40:36.680 ERROR (MainThread) [habluetooth.scanner] hci0 (88:A2:9E:A8:A2:CB): Failed to force stop scanner: 'NoneType' object has no attribute 'send'
2026-05-14 20:41:31.246 ERROR (MainThread) [habluetooth.scanner] hci0 (88:A2:9E:A8:A2:CB): Failed to force stop scanner: 'NoneType' object has no attribute 'send'
2026-05-14 20:41:57.156 ERROR (MainThread) [habluetooth.scanner] hci0 (88:A2:9E:A8:A2:CB): Failed to force stop scanner: 'NoneType' object has no attribute 'send'
2026-05-14 20:42:51.661 ERROR (MainThread) [habluetooth.scanner] hci0 (88:A2:9E:A8:A2:CB): Failed to force stop scanner: 'NoneType' object has no attribute 'send'
2026-05-14 20:43:17.559 ERROR (MainThread) [habluetooth.scanner] hci0 (88:A2:9E:A8:A2:CB): Failed to force stop scanner: 'NoneType' object has no attribute 'send'
2026-05-14 20:44:11.850 ERROR (MainThread) [habluetooth.scanner] hci0 (88:A2:9E:A8:A2:CB): Failed to force stop scanner: 'NoneType' object has no attribute 'send'
2026-05-14 20:44:37.778 ERROR (MainThread) [habluetooth.scanner] hci0 (88:A2:9E:A8:A2:CB): Failed to force stop scanner: 'NoneType' object has no attribute 'send'
2026-05-14 20:45:31.965 ERROR (MainThread) [habluetooth.scanner] hci0 (88:A2:9E:A8:A2:CB): Failed to force stop scanner: 'NoneType' object has no attribute 'send'
2026-05-14 20:45:58.252 ERROR (MainThread) [habluetooth.scanner] hci0 (88:A2:9E:A8:A2:CB): Failed to force stop scanner: 'NoneType' object has no attribute 'send'
2026-05-14 20:46:52.040 ERROR (MainThread) [habluetooth.scanner] hci0 (88:A2:9E:A8:A2:CB): Failed to force stop scanner: 'NoneType' object has no attribute 'send'
2026-05-14 20:47:18.734 ERROR (MainThread) [habluetooth.scanner] hci0 (88:A2:9E:A8:A2:CB): Failed to force stop scanner: 'NoneType' object has no attribute 'send'
2026-05-14 20:48:12.441 ERROR (MainThread) [habluetooth.scanner] hci0 (88:A2:9E:A8:A2:CB): Failed to force stop scanner: 'NoneType' object has no attribute 'send'
2026-05-14 20:48:38.791 ERROR (MainThread) [habluetooth.scanner] hci0 (88:A2:9E:A8:A2:CB): Failed to force stop scanner: 'NoneType' object has no attribute 'send'
2026-05-14 20:49:32.871 ERROR (MainThread) [habluetooth.scanner] hci0 (88:A2:9E:A8:A2:CB): Failed to force stop scanner: 'NoneType' object has no attribute 'send'
2026-05-14 20:49:58.871 ERROR (MainThread) [habluetooth.scanner] hci0 (88:A2:9E:A8:A2:CB): Failed to force stop scanner: 'NoneType' object has no attribute 'send'
2026-05-14 20:50:53.115 ERROR (MainThread) [habluetooth.scanner] hci0 (88:A2:9E:A8:A2:CB): Failed to force stop scanner: 'NoneType' object has no attribute 'send'
2026-05-14 20:51:18.992 ERROR (MainThread) [habluetooth.scanner] hci0 (88:A2:9E:A8:A2:CB): Failed to force stop scanner: 'NoneType' object has no attribute 'send'
2026-05-14 20:52:13.253 ERROR (MainThread) [habluetooth.scanner] hci0 (88:A2:9E:A8:A2:CB): Failed to force stop scanner: 'NoneType' object has no attribute 'send'
2026-05-14 20:52:39.342 ERROR (MainThread) [habluetooth.scanner] hci0 (88:A2:9E:A8:A2:CB): Failed to force stop scanner: 'NoneType' object has no attribute 'send'
2026-05-14 20:53:33.639 ERROR (MainThread) [habluetooth.scanner] hci0 (88:A2:9E:A8:A2:CB): Failed to force stop scanner: 'NoneType' object has no attribute 'send'
2026-05-14 20:53:59.799 ERROR (MainThread) [habluetooth.scanner] hci0 (88:A2:9E:A8:A2:CB): Failed to force stop scanner: 'NoneType' object has no attribute 'send'
2026-05-14 20:54:53.703 ERROR (MainThread) [habluetooth.scanner] hci0 (88:A2:9E:A8:A2:CB): Failed to force stop scanner: 'NoneType' object has no attribute 'send'
2026-05-14 20:55:19.909 ERROR (MainThread) [habluetooth.scanner] hci0 (88:A2:9E:A8:A2:CB): Failed to force stop scanner: 'NoneType' object has no attribute 'send'
2026-05-14 20:56:14.026 ERROR (MainThread) [habluetooth.scanner] hci0 (88:A2:9E:A8:A2:CB): Failed to force stop scanner: 'NoneType' object has no attribute 'send'
2026-05-14 20:56:40.282 ERROR (MainThread) [habluetooth.scanner] hci0 (88:A2:9E:A8:A2:CB): Failed to force stop scanner: 'NoneType' object has no attribute 'send'
2026-05-14 20:57:34.283 ERROR (MainThread) [habluetooth.scanner] hci0 (88:A2:9E:A8:A2:CB): Failed to force stop scanner: 'NoneType' object has no attribute 'send'
2026-05-14 20:58:00.762 ERROR (MainThread) [habluetooth.scanner] hci0 (88:A2:9E:A8:A2:CB): Failed to force stop scanner: 'NoneType' object has no attribute 'send'
2026-05-14 20:58:54.694 ERROR (MainThread) [habluetooth.scanner] hci0 (88:A2:9E:A8:A2:CB): Failed to force stop scanner: 'NoneType' object has no attribute 'send'
2026-05-14 20:59:20.928 ERROR (MainThread) [habluetooth.scanner] hci0 (88:A2:9E:A8:A2:CB): Failed to force stop scanner: 'NoneType' object has no attribute 'send'
2026-05-14 21:00:14.941 ERROR (MainThread) [habluetooth.scanner] hci0 (88:A2:9E:A8:A2:CB): Failed to force stop scanner: 'NoneType' object has no attribute 'send'
2026-05-14 21:00:41.332 ERROR (MainThread) [habluetooth.scanner] hci0 (88:A2:9E:A8:A2:CB): Failed to force stop scanner: 'NoneType' object has no attribute 'send'
2026-05-14 21:01:35.124 ERROR (MainThread) [habluetooth.scanner] hci0 (88:A2:9E:A8:A2:CB): Failed to force stop scanner: 'NoneType' object has no attribute 'send'
2026-05-14 21:02:01.699 ERROR (MainThread) [habluetooth.scanner] hci0 (88:A2:9E:A8:A2:CB): Failed to force stop scanner: 'NoneType' object has no attribute 'send'
2026-05-14 21:02:55.228 ERROR (MainThread) [habluetooth.scanner] hci0 (88:A2:9E:A8:A2:CB): Failed to force stop scanner: 'NoneType' object has no attribute 'send'
2026-05-14 21:03:21.785 ERROR (MainThread) [habluetooth.scanner] hci0 (88:A2:9E:A8:A2:CB): Failed to force stop scanner: 'NoneType' object has no attribute 'send'
2026-05-14 21:04:15.603 ERROR (MainThread) [habluetooth.scanner] hci0 (88:A2:9E:A8:A2:CB): Failed to force stop scanner: 'NoneType' object has no attribute 'send'
2026-05-14 21:04:41.885 ERROR (MainThread) [habluetooth.scanner] hci0 (88:A2:9E:A8:A2:CB): Failed to force stop scanner: 'NoneType' object has no attribute 'send'
2026-05-14 21:05:35.876 ERROR (MainThread) [habluetooth.scanner] hci0 (88:A2:9E:A8:A2:CB): Failed to force stop scanner: 'NoneType' object has no attribute 'send'
2026-05-14 21:06:02.121 ERROR (MainThread) [habluetooth.scanner] hci0 (88:A2:9E:A8:A2:CB): Failed to force stop scanner: 'NoneType' object has no attribute 'send'
2026-05-14 21:06:56.006 ERROR (MainThread) [habluetooth.scanner] hci0 (88:A2:9E:A8:A2:CB): Failed to force stop scanner: 'NoneType' object has no attribute 'send'
2026-05-14 21:07:22.443 ERROR (MainThread) [habluetooth.scanner] hci0 (88:A2:9E:A8:A2:CB): Failed to force stop scanner: 'NoneType' object has no attribute 'send'
2026-05-14 21:08:16.316 ERROR (MainThread) [habluetooth.scanner] hci0 (88:A2:9E:A8:A2:CB): Failed to force stop scanner: 'NoneType' object has no attribute 'send'
2026-05-14 21:08:42.735 ERROR (MainThread) [habluetooth.scanner] hci0 (88:A2:9E:A8:A2:CB): Failed to force stop scanner: 'NoneType' object has no attribute 'send'
2026-05-14 21:09:36.708 ERROR (MainThread) [habluetooth.scanner] hci0 (88:A2:9E:A8:A2:CB): Failed to force stop scanner: 'NoneType' object has no attribute 'send'
2026-05-14 21:10:02.917 ERROR (MainThread) [habluetooth.scanner] hci0 (88:A2:9E:A8:A2:CB): Failed to force stop scanner: 'NoneType' object has no attribute 'send'
2026-05-14 21:10:57.192 ERROR (MainThread) [habluetooth.scanner] hci0 (88:A2:9E:A8:A2:CB): Failed to force stop scanner: 'NoneType' object has no attribute 'send'
2026-05-14 21:11:23.165 ERROR (MainThread) [habluetooth.scanner] hci0 (88:A2:9E:A8:A2:CB): Failed to force stop scanner: 'NoneType' object has no attribute 'send'
2026-05-14 21:12:17.397 ERROR (MainThread) [habluetooth.scanner] hci0 (88:A2:9E:A8:A2:CB): Failed to force stop scanner: 'NoneType' object has no attribute 'send'
2026-05-14 21:12:43.424 ERROR (MainThread) [habluetooth.scanner] hci0 (88:A2:9E:A8:A2:CB): Failed to force stop scanner: 'NoneType' object has no attribute 'send'
2026-05-14 21:13:37.651 ERROR (MainThread) [habluetooth.scanner] hci0 (88:A2:9E:A8:A2:CB): Failed to force stop scanner: 'NoneType' object has no attribute 'send'
2026-05-14 21:14:03.817 ERROR (MainThread) [habluetooth.scanner] hci0 (88:A2:9E:A8:A2:CB): Failed to force stop scanner: 'NoneType' object has no attribute 'send'
2026-05-14 21:14:57.815 ERROR (MainThread) [habluetooth.scanner] hci0 (88:A2:9E:A8:A2:CB): Failed to force stop scanner: 'NoneType' object has no attribute 'send'
2026-05-14 21:15:24.030 ERROR (MainThread) [habluetooth.scanner] hci0 (88:A2:9E:A8:A2:CB): Failed to force stop scanner: 'NoneType' object has no attribute 'send'
2026-05-14 21:16:18.045 ERROR (MainThread) [habluetooth.scanner] hci0 (88:A2:9E:A8:A2:CB): Failed to force stop scanner: 'NoneType' object has no attribute 'send'
2026-05-14 21:16:44.485 ERROR (MainThread) [habluetooth.scanner] hci0 (88:A2:9E:A8:A2:CB): Failed to force stop scanner: 'NoneType' object has no attribute 'send'
2026-05-14 21:17:38.099 ERROR (MainThread) [habluetooth.scanner] hci0 (88:A2:9E:A8:A2:CB): Failed to force stop scanner: 'NoneType' object has no attribute 'send'
2026-05-14 21:18:04.807 ERROR (MainThread) [habluetooth.scanner] hci0 (88:A2:9E:A8:A2:CB): Failed to force stop scanner: 'NoneType' object has no attribute 'send'
2026-05-14 21:18:58.326 ERROR (MainThread) [habluetooth.scanner] hci0 (88:A2:9E:A8:A2:CB): Failed to force stop scanner: 'NoneType' object has no attribute 'send'
2026-05-14 21:19:25.095 ERROR (MainThread) [habluetooth.scanner] hci0 (88:A2:9E:A8:A2:CB): Failed to force stop scanner: 'NoneType' object has no attribute 'send'
2026-05-14 21:20:18.549 ERROR (MainThread) [habluetooth.scanner] hci0 (88:A2:9E:A8:A2:CB): Failed to force stop scanner: 'NoneType' object has no attribute 'send'
2026-05-14 21:20:45.324 ERROR (MainThread) [habluetooth.scanner] hci0 (88:A2:9E:A8:A2:CB): Failed to force stop scanner: 'NoneType' object has no attribute 'send'
2026-05-14 21:21:38.939 ERROR (MainThread) [habluetooth.scanner] hci0 (88:A2:9E:A8:A2:CB): Failed to force stop scanner: 'NoneType' object has no attribute 'send'
2026-05-14 21:22:05.599 ERROR (MainThread) [habluetooth.scanner] hci0 (88:A2:9E:A8:A2:CB): Failed to force stop scanner: 'NoneType' object has no attribute 'send'
2026-05-14 21:22:59.359 ERROR (MainThread) [habluetooth.scanner] hci0 (88:A2:9E:A8:A2:CB): Failed to force stop scanner: 'NoneType' object has no attribute 'send'
2026-05-14 21:23:25.800 ERROR (MainThread) [habluetooth.scanner] hci0 (88:A2:9E:A8:A2:CB): Failed to force stop scanner: 'NoneType' object has no attribute 'send'
2026-05-14 21:24:19.820 ERROR (MainThread) [habluetooth.scanner] hci0 (88:A2:9E:A8:A2:CB): Failed to force stop scanner: 'NoneType' object has no attribute 'send'
2026-05-14 21:24:45.924 ERROR (MainThread) [habluetooth.scanner] hci0 (88:A2:9E:A8:A2:CB): Failed to force stop scanner: 'NoneType' object has no attribute 'send'
2026-05-14 21:25:39.873 ERROR (MainThread) [habluetooth.scanner] hci0 (88:A2:9E:A8:A2:CB): Failed to force stop scanner: 'NoneType' object has no attribute 'send'
2026-05-14 21:26:06.091 ERROR (MainThread) [habluetooth.scanner] hci0 (88:A2:9E:A8:A2:CB): Failed to force stop scanner: 'NoneType' object has no attribute 'send'
2026-05-14 21:27:00.207 ERROR (MainThread) [habluetooth.scanner] hci0 (88:A2:9E:A8:A2:CB): Failed to force stop scanner: 'NoneType' object has no attribute 'send'
2026-05-14 21:27:26.454 ERROR (MainThread) [habluetooth.scanner] hci0 (88:A2:9E:A8:A2:CB): Failed to force stop scanner: 'NoneType' object has no attribute 'send'
2026-05-14 21:28:20.635 ERROR (MainThread) [habluetooth.scanner] hci0 (88:A2:9E:A8:A2:CB): Failed to force stop scanner: 'NoneType' object has no attribute 'send'
2026-05-14 21:28:46.955 ERROR (MainThread) [habluetooth.scanner] hci0 (88:A2:9E:A8:A2:CB): Failed to force stop scanner: 'NoneType' object has no attribute 'send'
2026-05-14 21:29:41.003 ERROR (MainThread) [habluetooth.scanner] hci0 (88:A2:9E:A8:A2:CB): Failed to force stop scanner: 'NoneType' object has no attribute 'send'
2026-05-14 21:30:07.098 ERROR (MainThread) [habluetooth.scanner] hci0 (88:A2:9E:A8:A2:CB): Failed to force stop scanner: 'NoneType' object has no attribute 'send'
2026-05-14 21:31:01.473 ERROR (MainThread) [habluetooth.scanner] hci0 (88:A2:9E:A8:A2:CB): Failed to force stop scanner: 'NoneType' object has no attribute 'send'
2026-05-14 21:31:27.368 ERROR (MainThread) [habluetooth.scanner] hci0 (88:A2:9E:A8:A2:CB): Failed to force stop scanner: 'NoneType' object has no attribute 'send'
2026-05-14 21:32:21.692 ERROR (MainThread) [habluetooth.scanner] hci0 (88:A2:9E:A8:A2:CB): Failed to force stop scanner: 'NoneType' object has no attribute 'send'
2026-05-14 21:32:47.766 ERROR (MainThread) [habluetooth.scanner] hci0 (88:A2:9E:A8:A2:CB): Failed to force stop scanner: 'NoneType' object has no attribute 'send'
2026-05-14 21:33:41.958 ERROR (MainThread) [habluetooth.scanner] hci0 (88:A2:9E:A8:A2:CB): Failed to force stop scanner: 'NoneType' object has no attribute 'send'
2026-05-14 21:34:08.067 ERROR (MainThread) [habluetooth.scanner] hci0 (88:A2:9E:A8:A2:CB): Failed to force stop scanner: 'NoneType' object has no attribute 'send'
2026-05-14 21:35:02.277 ERROR (MainThread) [habluetooth.scanner] hci0 (88:A2:9E:A8:A2:CB): Failed to force stop scanner: 'NoneType' object has no attribute 'send'
2026-05-14 21:35:28.178 ERROR (MainThread) [habluetooth.scanner] hci0 (88:A2:9E:A8:A2:CB): Failed to force stop scanner: 'NoneType' object has no attribute 'send'
2026-05-14 21:36:22.731 ERROR (MainThread) [habluetooth.scanner] hci0 (88:A2:9E:A8:A2:CB): Failed to force stop scanner: 'NoneType' object has no attribute 'send'
2026-05-14 21:36:48.588 ERROR (MainThread) [habluetooth.scanner] hci0 (88:A2:9E:A8:A2:CB): Failed to force stop scanner: 'NoneType' object has no attribute 'send'
2026-05-14 21:37:43.035 ERROR (MainThread) [habluetooth.scanner] hci0 (88:A2:9E:A8:A2:CB): Failed to force stop scanner: 'NoneType' object has no attribute 'send'
2026-05-14 21:38:08.684 ERROR (MainThread) [habluetooth.scanner] hci0 (88:A2:9E:A8:A2:CB): Failed to force stop scanner: 'NoneType' object has no attribute 'send'
2026-05-14 21:39:03.347 ERROR (MainThread) [habluetooth.scanner] hci0 (88:A2:9E:A8:A2:CB): Failed to force stop scanner: 'NoneType' object has no attribute 'send'
2026-05-14 21:39:28.829 ERROR (MainThread) [habluetooth.scanner] hci0 (88:A2:9E:A8:A2:CB): Failed to force stop scanner: 'NoneType' object has no attribute 'send'
2026-05-14 21:40:23.438 ERROR (MainThread) [habluetooth.scanner] hci0 (88:A2:9E:A8:A2:CB): Failed to force stop scanner: 'NoneType' object has no attribute 'send'
2026-05-14 21:40:49.297 ERROR (MainThread) [habluetooth.scanner] hci0 (88:A2:9E:A8:A2:CB): Failed to force stop scanner: 'NoneType' object has no attribute 'send'
2026-05-14 21:41:43.527 ERROR (MainThread) [habluetooth.scanner] hci0 (88:A2:9E:A8:A2:CB): Failed to force stop scanner: 'NoneType' object has no attribute 'send'
2026-05-14 21:42:09.698 ERROR (MainThread) [habluetooth.scanner] hci0 (88:A2:9E:A8:A2:CB): Failed to force stop scanner: 'NoneType' object has no attribute 'send'
2026-05-14 21:43:03.887 ERROR (MainThread) [habluetooth.scanner] hci0 (88:A2:9E:A8:A2:CB): Failed to force stop scanner: 'NoneType' object has no attribute 'send'
2026-05-14 21:43:29.911 ERROR (MainThread) [habluetooth.scanner] hci0 (88:A2:9E:A8:A2:CB): Failed to force stop scanner: 'NoneType' object has no attribute 'send'
2026-05-14 21:44:24.138 ERROR (MainThread) [habluetooth.scanner] hci0 (88:A2:9E:A8:A2:CB): Failed to force stop scanner: 'NoneType' object has no attribute 'send'
2026-05-14 21:44:50.276 ERROR (MainThread) [habluetooth.scanner] hci0 (88:A2:9E:A8:A2:CB): Failed to force stop scanner: 'NoneType' object has no attribute 'send'
2026-05-14 21:45:44.389 ERROR (MainThread) [habluetooth.scanner] hci0 (88:A2:9E:A8:A2:CB): Failed to force stop scanner: 'NoneType' object has no attribute 'send'
2026-05-14 21:46:10.446 ERROR (MainThread) [habluetooth.scanner] hci0 (88:A2:9E:A8:A2:CB): Failed to force stop scanner: 'NoneType' object has no attribute 'send'
2026-05-14 21:47:04.449 ERROR (MainThread) [habluetooth.scanner] hci0 (88:A2:9E:A8:A2:CB): Failed to force stop scanner: 'NoneType' object has no attribute 'send'
2026-05-14 21:47:30.740 ERROR (MainThread) [habluetooth.scanner] hci0 (88:A2:9E:A8:A2:CB): Failed to force stop scanner: 'NoneType' object has no attribute 'send'
2026-05-14 21:48:24.783 ERROR (MainThread) [habluetooth.scanner] hci0 (88:A2:9E:A8:A2:CB): Failed to force stop scanner: 'NoneType' object has no attribute 'send'
2026-05-14 21:48:51.125 ERROR (MainThread) [habluetooth.scanner] hci0 (88:A2:9E:A8:A2:CB): Failed to force stop scanner: 'NoneType' object has no attribute 'send'
2026-05-14 21:49:44.889 ERROR (MainThread) [habluetooth.scanner] hci0 (88:A2:9E:A8:A2:CB): Failed to force stop scanner: 'NoneType' object has no attribute 'send'
2026-05-14 21:50:11.558 ERROR (MainThread) [habluetooth.scanner] hci0 (88:A2:9E:A8:A2:CB): Failed to force stop scanner: 'NoneType' object has no attribute 'send'
2026-05-14 21:51:05.083 ERROR (MainThread) [habluetooth.scanner] hci0 (88:A2:9E:A8:A2:CB): Failed to force stop scanner: 'NoneType' object has no attribute 'send'
2026-05-14 21:51:31.893 ERROR (MainThread) [habluetooth.scanner] hci0 (88:A2:9E:A8:A2:CB): Failed to force stop scanner: 'NoneType' object has no attribute 'send'
2026-05-14 21:52:25.379 ERROR (MainThread) [habluetooth.scanner] hci0 (88:A2:9E:A8:A2:CB): Failed to force stop scanner: 'NoneType' object has no attribute 'send'
2026-05-14 21:52:52.026 ERROR (MainThread) [habluetooth.scanner] hci0 (88:A2:9E:A8:A2:CB): Failed to force stop scanner: 'NoneType' object has no attribute 'send'
2026-05-14 21:53:45.866 ERROR (MainThread) [habluetooth.scanner] hci0 (88:A2:9E:A8:A2:CB): Failed to force stop scanner: 'NoneType' object has no attribute 'send'
2026-05-14 21:54:12.498 ERROR (MainThread) [habluetooth.scanner] hci0 (88:A2:9E:A8:A2:CB): Failed to force stop scanner: 'NoneType' object has no attribute 'send'
2026-05-14 21:55:06.313 ERROR (MainThread) [habluetooth.scanner] hci0 (88:A2:9E:A8:A2:CB): Failed to force stop scanner: 'NoneType' object has no attribute 'send'
2026-05-14 21:55:32.908 ERROR (MainThread) [habluetooth.scanner] hci0 (88:A2:9E:A8:A2:CB): Failed to force stop scanner: 'NoneType' object has no attribute 'send'
2026-05-14 21:56:26.802 ERROR (MainThread) [habluetooth.scanner] hci0 (88:A2:9E:A8:A2:CB): Failed to force stop scanner: 'NoneType' object has no attribute 'send'
2026-05-14 21:56:53.195 ERROR (MainThread) [habluetooth.scanner] hci0 (88:A2:9E:A8:A2:CB): Failed to force stop scanner: 'NoneType' object has no attribute 'send'
2026-05-14 21:57:47.159 ERROR (MainThread) [habluetooth.scanner] hci0 (88:A2:9E:A8:A2:CB): Failed to force stop scanner: 'NoneType' object has no attribute 'send'
2026-05-14 21:58:13.631 ERROR (MainThread) [habluetooth.scanner] hci0 (88:A2:9E:A8:A2:CB): Failed to force stop scanner: 'NoneType' object has no attribute 'send'
2026-05-14 21:59:07.424 ERROR (MainThread) [habluetooth.scanner] hci0 (88:A2:9E:A8:A2:CB): Failed to force stop scanner: 'NoneType' object has no attribute 'send'
2026-05-14 21:59:33.759 ERROR (MainThread) [habluetooth.scanner] hci0 (88:A2:9E:A8:A2:CB): Failed to force stop scanner: 'NoneType' object has no attribute 'send'
2026-05-14 22:00:27.864 ERROR (MainThread) [habluetooth.scanner] hci0 (88:A2:9E:A8:A2:CB): Failed to force stop scanner: 'NoneType' object has no attribute 'send'
2026-05-14 22:00:54.030 ERROR (MainThread) [habluetooth.scanner] hci0 (88:A2:9E:A8:A2:CB): Failed to force stop scanner: 'NoneType' object has no attribute 'send'
2026-05-14 22:01:48.083 ERROR (MainThread) [habluetooth.scanner] hci0 (88:A2:9E:A8:A2:CB): Failed to force stop scanner: 'NoneType' object has no attribute 'send'
2026-05-14 22:02:14.497 ERROR (MainThread) [habluetooth.scanner] hci0 (88:A2:9E:A8:A2:CB): Failed to force stop scanner: 'NoneType' object has no attribute 'send'
